<?xml version="1.0" encoding="UTF-8"?>
<!-- Generated by org.testng.reporters.JUnitXMLReporter -->
<testsuite hostname="LAPTOP-5F10D1SQ" ignored="0" name="Test" tests="4" failures="4" timestamp="16 May 2021 15:36:23 GMT" time="4.99" errors="0">
  <testcase name="test01" time="2.325" classname="com.testcases.DemoTest1">
    <failure type="java.lang.NullPointerException">
      <![CDATA[java.lang.NullPointerException
at com.listener.Sel_Listener.beforeFindBy(Sel_Listener.java:74)
at org.openqa.selenium.support.events.EventFiringWebDriver.lambda$new$0(EventFiringWebDriver.java:84)
at com.sun.proxy.$Proxy2.beforeFindBy(Unknown Source)
at org.openqa.selenium.support.events.EventFiringWebDriver.findElement(EventFiringWebDriver.java:193)
at com.testcases.DemoTest1.test01(DemoTest1.java:15)
... Removed 38 stack frames]]>
    </failure>
  </testcase> <!-- test01 -->
  <testcase name="test02" time="0.0" classname="com.testcases.DemoTest1">
    <failure type="java.lang.AssertionError" message="expected [false] but found [true]">
      <![CDATA[java.lang.AssertionError: expected [false] but found [true]
at com.testcases.DemoTest1.test02(DemoTest1.java:23)
... Removed 40 stack frames]]>
    </failure>
  </testcase> <!-- test02 -->
  <testcase name="test01" time="1.913" classname="com.testcases.DemoUserTest$DemoTest1">
    <failure type="java.lang.NullPointerException">
      <![CDATA[java.lang.NullPointerException
at com.listener.Sel_Listener.beforeFindBy(Sel_Listener.java:74)
at org.openqa.selenium.support.events.EventFiringWebDriver.lambda$new$0(EventFiringWebDriver.java:84)
at com.sun.proxy.$Proxy2.beforeFindBy(Unknown Source)
at org.openqa.selenium.support.events.EventFiringWebDriver.findElement(EventFiringWebDriver.java:193)
at com.testcases.DemoUserTest$DemoTest1.test01(DemoUserTest.java:12)
... Removed 38 stack frames]]>
    </failure>
  </testcase> <!-- test01 -->
  <testcase name="test02" time="0.0" classname="com.testcases.DemoUserTest$DemoTest1">
    <failure type="java.lang.AssertionError" message="expected [false] but found [true]">
      <![CDATA[java.lang.AssertionError: expected [false] but found [true]
at com.testcases.DemoUserTest$DemoTest1.test02(DemoUserTest.java:20)
... Removed 40 stack frames]]>
    </failure>
  </testcase> <!-- test02 -->
</testsuite> <!-- Test -->
