<?xml version="1.0" encoding="UTF-8" ?>
<testsuite tests="4" failures="4" name="TestSuite" time="4.958" errors="0" skipped="0">
  <properties>
    <property name="java.runtime.name" value="Java(TM) SE Runtime Environment"/>
    <property name="sun.boot.library.path" value="C:\Program Files\Java\jdk1.8.0_231\jre\bin"/>
    <property name="java.vm.version" value="25.231-b11"/>
    <property name="java.vm.vendor" value="Oracle Corporation"/>
    <property name="maven.multiModuleProjectDirectory" value="C:\workspace\MavenFirstProject"/>
    <property name="java.vendor.url" value="http://java.oracle.com/"/>
    <property name="path.separator" value=";"/>
    <property name="guice.disable.misplaced.annotation.check" value="true"/>
    <property name="java.vm.name" value="Java HotSpot(TM) 64-Bit Server VM"/>
    <property name="file.encoding.pkg" value="sun.io"/>
    <property name="user.script" value=""/>
    <property name="user.country" value="IN"/>
    <property name="sun.java.launcher" value="SUN_STANDARD"/>
    <property name="sun.os.patch.level" value=""/>
    <property name="java.vm.specification.name" value="Java Virtual Machine Specification"/>
    <property name="user.dir" value="C:\workspace\MavenFirstProject"/>
    <property name="java.runtime.version" value="1.8.0_231-b11"/>
    <property name="java.awt.graphicsenv" value="sun.awt.Win32GraphicsEnvironment"/>
    <property name="java.endorsed.dirs" value="C:\Program Files\Java\jdk1.8.0_231\jre\lib\endorsed"/>
    <property name="os.arch" value="amd64"/>
    <property name="java.io.tmpdir" value="C:\Users\Shasanka\AppData\Local\Temp\"/>
    <property name="line.separator" value="
"/>
    <property name="java.vm.specification.vendor" value="Oracle Corporation"/>
    <property name="user.variant" value=""/>
    <property name="os.name" value="Windows 10"/>
    <property name="classworlds.conf" value="C:\workspace\.metadata\.plugins\org.eclipse.m2e.launching\launches\m2conf7871218384880447651.tmp"/>
    <property name="sun.jnu.encoding" value="Cp1252"/>
    <property name="java.library.path" value="C:\Program Files\Java\jdk1.8.0_231\bin;C:\WINDOWS\Sun\Java\bin;C:\WINDOWS\system32;C:\WINDOWS;C:/Program Files/Java/jdk1.8.0_231/bin/../jre/bin/server;C:/Program Files/Java/jdk1.8.0_231/bin/../jre/bin;C:/Program Files/Java/jdk1.8.0_231/bin/../jre/lib/amd64;C:\ProgramData\Anaconda3;C:\ProgramData\Anaconda3\Library\mingw-w64\bin;C:\ProgramData\Anaconda3\Library\usr\bin;C:\ProgramData\Anaconda3\Library\bin;C:\ProgramData\Anaconda3\Scripts;C:\Program Files (x86)\Intel\Intel(R) Management Engine Components\iCLS\;C:\Program Files\Intel\Intel(R) Management Engine Components\iCLS\;C:\WINDOWS\system32;C:\WINDOWS;C:\WINDOWS\System32\Wbem;C:\WINDOWS\System32\WindowsPowerShell\v1.0\;C:\WINDOWS\System32\OpenSSH\;C:\Program Files (x86)\Intel\Intel(R) Management Engine Components\DAL;C:\Program Files\Intel\Intel(R) Management Engine Components\DAL;C:\Program Files\Java\jdk1.8.0_231\bin;&quot;C:\Users\Shasanka\AppData\Local\Microsoft\WindowsApps\;C:\Users\Shasanka\Downloads&quot;;;C:\Users\Shasanka\AppData\Local\Microsoft\WindowsApps;D:\software\eclipse;;."/>
    <property name="java.specification.name" value="Java Platform API Specification"/>
    <property name="java.class.version" value="52.0"/>
    <property name="sun.management.compiler" value="HotSpot 64-Bit Tiered Compilers"/>
    <property name="os.version" value="10.0"/>
    <property name="user.home" value="C:\Users\Shasanka"/>
    <property name="user.timezone" value="Asia/Calcutta"/>
    <property name="java.awt.printerjob" value="sun.awt.windows.WPrinterJob"/>
    <property name="java.specification.version" value="1.8"/>
    <property name="file.encoding" value="Cp1252"/>
    <property name="user.name" value="Shasanka"/>
    <property name="java.class.path" value="D:\software\eclipse\plugins\org.eclipse.m2e.maven.runtime_1.9.0.20180606-2035\jars\plexus-classworlds-2.5.2.jar"/>
    <property name="java.vm.specification.version" value="1.8"/>
    <property name="sun.arch.data.model" value="64"/>
    <property name="java.home" value="C:\Program Files\Java\jdk1.8.0_231\jre"/>
    <property name="sun.java.command" value="org.codehaus.plexus.classworlds.launcher.Launcher -B test"/>
    <property name="java.specification.vendor" value="Oracle Corporation"/>
    <property name="user.language" value="en"/>
    <property name="awt.toolkit" value="sun.awt.windows.WToolkit"/>
    <property name="java.vm.info" value="mixed mode"/>
    <property name="java.version" value="1.8.0_231"/>
    <property name="java.ext.dirs" value="C:\Program Files\Java\jdk1.8.0_231\jre\lib\ext;C:\WINDOWS\Sun\Java\lib\ext"/>
    <property name="sun.boot.class.path" value="C:\Program Files\Java\jdk1.8.0_231\jre\lib\resources.jar;C:\Program Files\Java\jdk1.8.0_231\jre\lib\rt.jar;C:\Program Files\Java\jdk1.8.0_231\jre\lib\sunrsasign.jar;C:\Program Files\Java\jdk1.8.0_231\jre\lib\jsse.jar;C:\Program Files\Java\jdk1.8.0_231\jre\lib\jce.jar;C:\Program Files\Java\jdk1.8.0_231\jre\lib\charsets.jar;C:\Program Files\Java\jdk1.8.0_231\jre\lib\jfr.jar;C:\Program Files\Java\jdk1.8.0_231\jre\classes"/>
    <property name="java.vendor" value="Oracle Corporation"/>
    <property name="maven.home" value="C:\workspace\MavenFirstProject\EMBEDDED"/>
    <property name="file.separator" value="\"/>
    <property name="java.vendor.url.bug" value="http://bugreport.sun.com/bugreport/"/>
    <property name="sun.cpu.endian" value="little"/>
    <property name="sun.io.unicode.encoding" value="UnicodeLittle"/>
    <property name="sun.desktop" value="windows"/>
    <property name="sun.cpu.isalist" value="amd64"/>
  </properties>
  <testcase classname="com.testcases.DemoTest1" name="test01" time="2.566">
    <failure type="java.lang.NullPointerException">java.lang.NullPointerException
	at com.listener.Sel_Listener.beforeFindBy(Sel_Listener.java:74)
	at sun.reflect.NativeMethodAccessorImpl.invoke0(Native Method)
	at sun.reflect.NativeMethodAccessorImpl.invoke(NativeMethodAccessorImpl.java:62)
	at sun.reflect.DelegatingMethodAccessorImpl.invoke(DelegatingMethodAccessorImpl.java:43)
	at java.lang.reflect.Method.invoke(Method.java:498)
	at org.openqa.selenium.support.events.EventFiringWebDriver.lambda$new$0(EventFiringWebDriver.java:84)
	at com.sun.proxy.$Proxy2.beforeFindBy(Unknown Source)
	at org.openqa.selenium.support.events.EventFiringWebDriver.findElement(EventFiringWebDriver.java:193)
	at com.testcases.DemoTest1.test01(DemoTest1.java:15)
</failure>
    <system-out>[TestNGContentHandler] [WARN] It is strongly recommended to add &quot;&lt;!DOCTYPE suite SYSTEM &quot;http://testng.org/testng-1.0.dtd&quot; &gt;&quot; at the top of your file, otherwise TestNG may fail or not work as expected.
05-16-2021 21:06:18 MyListener.java INFO  [main] testcases.TestBase 40 - Test suite is started with name:Test
05-16-2021 21:06:19 MyListener.java INFO  [main] testcases.TestBase 14 - Test case is starting with name:test01
05-16-2021 21:06:19 TestBase.java INFO  [main] testcases.TestBase 27 - initializing  chrome browser
05-16-2021 21:06:20 TestBase.java INFO  [main] testcases.TestBase 36 - launch the offline website
05-16-2021 21:06:20 Sel_Listener.java INFO  [main] testcases.TestBase 34 - Ready to navigate to the urlfile:///D:/software/selenium/Offline%20website/index.html
05-16-2021 21:06:21 Sel_Listener.java INFO  [main] testcases.TestBase 39 - Navigated to URLfile:///D:/software/selenium/Offline%20website/index.html
05-16-2021 21:06:21 TestBase.java INFO  [main] testcases.TestBase 39 - returning a initialized driver object
05-16-2021 21:06:21 TestBase.java INFO  [main] testcases.TestBase 47 - taking a screenshot
05-16-2021 21:06:21 TestBase.java INFO  [main] testcases.TestBase 50 - saving a file with name: Demo16052021090621.png
05-16-2021 21:06:21 TestBase.java WARN  [main] testcases.TestBase 53 - file location should be proper
05-16-2021 21:06:21 MyListener.java INFO  [main] testcases.TestBase 25 - Test case is failed with name:test01
</system-out>
    <system-err>Starting ChromeDriver 90.0.4430.24 (4c6d850f087da467d926e8eddb76550aed655991-refs/branch-heads/4430@{#429}) on port 35032
Only local connections are allowed.
Please see https://chromedriver.chromium.org/security-considerations for suggestions on keeping ChromeDriver safe.
ChromeDriver was started successfully.
May 16, 2021 9:06:20 PM org.openqa.selenium.remote.ProtocolHandshake createSession
INFO: Detected dialect: W3C
</system-err>
  </testcase>
  <testcase classname="com.testcases.DemoTest1" name="test02" time="0.152">
    <failure message="expected [false] but found [true]" type="java.lang.AssertionError">java.lang.AssertionError: expected [false] but found [true]
	at org.testng.Assert.fail(Assert.java:96)
	at org.testng.Assert.failNotEquals(Assert.java:776)
	at org.testng.Assert.assertEqualsImpl(Assert.java:137)
	at org.testng.Assert.assertEquals(Assert.java:118)
	at org.testng.Assert.assertEquals(Assert.java:568)
	at org.testng.Assert.assertEquals(Assert.java:578)
	at com.testcases.DemoTest1.test02(DemoTest1.java:23)
</failure>
    <system-out>05-16-2021 21:06:21 MyListener.java INFO  [main] testcases.TestBase 14 - Test case is starting with name:test02
05-16-2021 21:06:21 TestBase.java INFO  [main] testcases.TestBase 47 - taking a screenshot
05-16-2021 21:06:21 TestBase.java INFO  [main] testcases.TestBase 50 - saving a file with name: Demo16052021090621.png
05-16-2021 21:06:21 TestBase.java WARN  [main] testcases.TestBase 53 - file location should be proper
05-16-2021 21:06:21 MyListener.java INFO  [main] testcases.TestBase 25 - Test case is failed with name:test02
</system-out>
  </testcase>
  <testcase classname="com.testcases.DemoUserTest$DemoTest1" name="test01" time="2.074">
    <failure type="java.lang.NullPointerException">java.lang.NullPointerException
	at com.listener.Sel_Listener.beforeFindBy(Sel_Listener.java:74)
	at sun.reflect.NativeMethodAccessorImpl.invoke0(Native Method)
	at sun.reflect.NativeMethodAccessorImpl.invoke(NativeMethodAccessorImpl.java:62)
	at sun.reflect.DelegatingMethodAccessorImpl.invoke(DelegatingMethodAccessorImpl.java:43)
	at java.lang.reflect.Method.invoke(Method.java:498)
	at org.openqa.selenium.support.events.EventFiringWebDriver.lambda$new$0(EventFiringWebDriver.java:84)
	at com.sun.proxy.$Proxy2.beforeFindBy(Unknown Source)
	at org.openqa.selenium.support.events.EventFiringWebDriver.findElement(EventFiringWebDriver.java:193)
	at com.testcases.DemoUserTest$DemoTest1.test01(DemoUserTest.java:12)
</failure>
    <system-out>05-16-2021 21:06:21 MyListener.java INFO  [main] testcases.TestBase 14 - Test case is starting with name:test01
05-16-2021 21:06:21 TestBase.java INFO  [main] testcases.TestBase 27 - initializing  chrome browser
05-16-2021 21:06:22 TestBase.java INFO  [main] testcases.TestBase 36 - launch the offline website
05-16-2021 21:06:22 Sel_Listener.java INFO  [main] testcases.TestBase 34 - Ready to navigate to the urlfile:///D:/software/selenium/Offline%20website/index.html
05-16-2021 21:06:23 Sel_Listener.java INFO  [main] testcases.TestBase 39 - Navigated to URLfile:///D:/software/selenium/Offline%20website/index.html
05-16-2021 21:06:23 TestBase.java INFO  [main] testcases.TestBase 39 - returning a initialized driver object
05-16-2021 21:06:23 TestBase.java INFO  [main] testcases.TestBase 47 - taking a screenshot
05-16-2021 21:06:23 TestBase.java INFO  [main] testcases.TestBase 50 - saving a file with name: Demo16052021090623.png
05-16-2021 21:06:23 TestBase.java WARN  [main] testcases.TestBase 53 - file location should be proper
05-16-2021 21:06:23 MyListener.java INFO  [main] testcases.TestBase 25 - Test case is failed with name:test01
</system-out>
    <system-err>Starting ChromeDriver 90.0.4430.24 (4c6d850f087da467d926e8eddb76550aed655991-refs/branch-heads/4430@{#429}) on port 33291
Only local connections are allowed.
Please see https://chromedriver.chromium.org/security-considerations for suggestions on keeping ChromeDriver safe.
ChromeDriver was started successfully.
May 16, 2021 9:06:22 PM org.openqa.selenium.remote.ProtocolHandshake createSession
INFO: Detected dialect: W3C
</system-err>
  </testcase>
  <testcase classname="com.testcases.DemoUserTest$DemoTest1" name="test02" time="0.166">
    <failure message="expected [false] but found [true]" type="java.lang.AssertionError">java.lang.AssertionError: expected [false] but found [true]
	at org.testng.Assert.fail(Assert.java:96)
	at org.testng.Assert.failNotEquals(Assert.java:776)
	at org.testng.Assert.assertEqualsImpl(Assert.java:137)
	at org.testng.Assert.assertEquals(Assert.java:118)
	at org.testng.Assert.assertEquals(Assert.java:568)
	at org.testng.Assert.assertEquals(Assert.java:578)
	at com.testcases.DemoUserTest$DemoTest1.test02(DemoUserTest.java:20)
</failure>
    <system-out>05-16-2021 21:06:23 MyListener.java INFO  [main] testcases.TestBase 14 - Test case is starting with name:test02
05-16-2021 21:06:23 TestBase.java INFO  [main] testcases.TestBase 47 - taking a screenshot
05-16-2021 21:06:23 TestBase.java INFO  [main] testcases.TestBase 50 - saving a file with name: Demo16052021090623.png
05-16-2021 21:06:23 TestBase.java WARN  [main] testcases.TestBase 53 - file location should be proper
05-16-2021 21:06:23 MyListener.java INFO  [main] testcases.TestBase 25 - Test case is failed with name:test02
</system-out>
  </testcase>
</testsuite>